stage 0: Data preparation
prepare_data.sh: Preparing data in /data/asr_data/aishell2/iOS/data
local/prepare_data.sh succeeded
prepare_data.sh: Preparing data in /data/asr_data/aishell2/AISHELL-DEV-TEST-SET/Android/dev
local/prepare_data.sh succeeded
prepare_data.sh: Preparing data in /data/asr_data/aishell2/AISHELL-DEV-TEST-SET/Android/test
local/prepare_data.sh succeeded
prepare_data.sh: Preparing data in /data/asr_data/aishell2/AISHELL-DEV-TEST-SET/iOS/dev
local/prepare_data.sh succeeded
prepare_data.sh: Preparing data in /data/asr_data/aishell2/AISHELL-DEV-TEST-SET/iOS/test
local/prepare_data.sh succeeded
prepare_data.sh: Preparing data in /data/asr_data/aishell2/AISHELL-DEV-TEST-SET/Mic/dev
local/prepare_data.sh succeeded
prepare_data.sh: Preparing data in /data/asr_data/aishell2/AISHELL-DEV-TEST-SET/Mic/test
local/prepare_data.sh succeeded
stage 1: Feature Generation
steps/make_fbank_pitch.sh --cmd run.pl --nj 188 --write_utt2num_frames true data/train exp/make_fbank/train fbank
steps/make_fbank_pitch.sh: [info]: no segments file exists: assuming wav.scp indexed by utterance.
steps/make_fbank_pitch.sh: Succeeded creating filterbank and pitch features for train
fix_data_dir.sh: kept all 1009222 utterances.
fix_data_dir.sh: old files are kept in data/train/.backup
steps/make_fbank_pitch.sh --cmd run.pl --nj 20 --write_utt2num_frames true data/dev_android exp/make_fbank/dev_android fbank
steps/make_fbank_pitch.sh: [info]: no segments file exists: assuming wav.scp indexed by utterance.
steps/make_fbank_pitch.sh: Succeeded creating filterbank and pitch features for dev_android
fix_data_dir.sh: kept all 2500 utterances.
fix_data_dir.sh: old files are kept in data/dev_android/.backup
steps/make_fbank_pitch.sh --cmd run.pl --nj 20 --write_utt2num_frames true data/test_android exp/make_fbank/test_android fbank
steps/make_fbank_pitch.sh: [info]: no segments file exists: assuming wav.scp indexed by utterance.
steps/make_fbank_pitch.sh: Succeeded creating filterbank and pitch features for test_android
fix_data_dir.sh: kept all 5000 utterances.
fix_data_dir.sh: old files are kept in data/test_android/.backup
steps/make_fbank_pitch.sh --cmd run.pl --nj 20 --write_utt2num_frames true data/dev_ios exp/make_fbank/dev_ios fbank
steps/make_fbank_pitch.sh: [info]: no segments file exists: assuming wav.scp indexed by utterance.
steps/make_fbank_pitch.sh: Succeeded creating filterbank and pitch features for dev_ios
fix_data_dir.sh: kept all 2500 utterances.
fix_data_dir.sh: old files are kept in data/dev_ios/.backup
steps/make_fbank_pitch.sh --cmd run.pl --nj 20 --write_utt2num_frames true data/test_ios exp/make_fbank/test_ios fbank
steps/make_fbank_pitch.sh: [info]: no segments file exists: assuming wav.scp indexed by utterance.
steps/make_fbank_pitch.sh: Succeeded creating filterbank and pitch features for test_ios
fix_data_dir.sh: kept all 5000 utterances.
fix_data_dir.sh: old files are kept in data/test_ios/.backup
steps/make_fbank_pitch.sh --cmd run.pl --nj 20 --write_utt2num_frames true data/dev_mic exp/make_fbank/dev_mic fbank
steps/make_fbank_pitch.sh: [info]: no segments file exists: assuming wav.scp indexed by utterance.
steps/make_fbank_pitch.sh: Succeeded creating filterbank and pitch features for dev_mic
fix_data_dir.sh: kept all 2500 utterances.
fix_data_dir.sh: old files are kept in data/dev_mic/.backup
steps/make_fbank_pitch.sh --cmd run.pl --nj 20 --write_utt2num_frames true data/test_mic exp/make_fbank/test_mic fbank
steps/make_fbank_pitch.sh: [info]: no segments file exists: assuming wav.scp indexed by utterance.
steps/make_fbank_pitch.sh: Succeeded creating filterbank and pitch features for test_mic
fix_data_dir.sh: kept all 5000 utterances.
fix_data_dir.sh: old files are kept in data/test_mic/.backup
utils/data/get_reco2dur.sh: data/train/wav.scp indexed by utt-id; copying utt2dur to reco2dur
utils/perturb_data_dir_speed.sh: generated speed-perturbed version of data in data/train, in data/temp1
utils/validate_data_dir.sh: Successfully validated data-directory data/temp1
utils/perturb_data_dir_speed.sh: generated speed-perturbed version of data in data/train, in data/temp2
utils/validate_data_dir.sh: Successfully validated data-directory data/temp2
utils/perturb_data_dir_speed.sh: generated speed-perturbed version of data in data/train, in data/temp3
utils/validate_data_dir.sh: Successfully validated data-directory data/temp3
utils/combine_data.sh --extra-files utt2uniq data/train_sp data/temp1 data/temp2 data/temp3
utils/combine_data.sh: combined utt2uniq
utils/combine_data.sh [info]: not combining segments as it does not exist
utils/combine_data.sh: combined utt2spk
utils/combine_data.sh [info]: not combining utt2lang as it does not exist
utils/combine_data.sh: combined utt2dur
utils/combine_data.sh [info]: not combining utt2num_frames as it does not exist
utils/combine_data.sh: combined reco2dur
utils/combine_data.sh [info]: not combining feats.scp as it does not exist
utils/combine_data.sh: combined text
utils/combine_data.sh [info]: not combining cmvn.scp as it does not exist
utils/combine_data.sh [info]: not combining vad.scp as it does not exist
utils/combine_data.sh [info]: not combining reco2file_and_channel as it does not exist
utils/combine_data.sh: combined wav.scp
utils/combine_data.sh [info]: not combining spk2gender as it does not exist
fix_data_dir.sh: kept all 3027666 utterances.
fix_data_dir.sh: old files are kept in data/train_sp/.backup
steps/make_fbank_pitch.sh --cmd run.pl --nj 30 --write_utt2num_frames true data/train_sp exp/make_fbank/train_sp fbank
steps/make_fbank_pitch.sh: [info]: no segments file exists: assuming wav.scp indexed by utterance.
steps/make_fbank_pitch.sh: line 164: 10091 Terminated              $cmd JOB=1:$nj $logdir/make_fbank_pitch_${name}.JOB.log paste-feats --length-tolerance=$paste_length_tolerance "$fbank_feats" "$pitch_feats" ark:- \| copy-feats --compress=$compress $write_num_frames_opt ark:- ark,scp:$fbank_pitch_dir/raw_fbank_pitch_$name.JOB.ark,$fbank_pitch_dir/raw_fbank_pitch_$name.JOB.scp
